<?xml version="1.0" encoding="UTF-8"?>
<!-- Generated by org.testng.reporters.JUnitXMLReporter -->
<testsuite hostname="it-mbp-krudrangi.local" ignored="0" name="Test" tests="1" failures="1" timestamp="14 Sep 2020 21:58:49 GMT" time="17.857" errors="0">
  <testcase name="loginApp" time="11.022" classname="com.ag.testcases.homePageLogin">
    <failure type="java.lang.AssertionError" message="My favs value is NOT 3. Please check. expected [My Favorites (2)] but found [My Favorites (3)]">
      <![CDATA[java.lang.AssertionError: My favs value is NOT 3. Please check. expected [My Favorites (2)] but found [My Favorites (3)]
	at com.ag.pages.HomePage.signIn(HomePage.java:55)
	at com.ag.testcases.homePageLogin.loginApp(homePageLogin.java:19)
... Removed 30 stack frames]]>
    </failure>
  </testcase> <!-- loginApp -->
</testsuite> <!-- Test -->
