<?xml version="1.0" encoding="UTF-8"?>
<testng-results skipped="0" failed="0" ignored="0" total="2" passed="2">
  <reporter-output>
    <line>
      <![CDATA[Settingup Excel, Properties & Reporter...]]>
    </line>
    <line>
      <![CDATA[Settingup Excel, Properties & Reporter - Completed]]>
    </line>
    <line>
      <![CDATA[Brining up desired browser with desired launch url...]]>
    </line>
    <line>
      <![CDATA[Desired Browser ready with desired URL- completed]]>
    </line>
    <line>
      <![CDATA[Test is about to end....]]>
    </line>
    <line>
      <![CDATA[Test completed >>>> Reports generated....]]>
    </line>
    <line>
      <![CDATA[Test is about to end....]]>
    </line>
    <line>
      <![CDATA[Test completed >>>> Reports generated....]]>
    </line>
    <line>
      <![CDATA[Quitting the browser...]]>
    </line>
    <line>
      <![CDATA[Broser quitted - completed]]>
    </line>
  </reporter-output>
  <suite name="Suite" duration-ms="25302" started-at="2020-09-15T15:41:38Z" finished-at="2020-09-15T15:42:04Z">
    <groups>
    </groups>
    <test name="Test" duration-ms="25302" started-at="2020-09-15T15:41:38Z" finished-at="2020-09-15T15:42:04Z">
      <class name="com.ag.testcases.homePageLogin">
        <test-method status="PASS" signature="setUpSuite()[pri:0, instance:com.ag.testcases.homePageLogin@5d740a0f]" name="setUpSuite" is-config="true" duration-ms="831" started-at="2020-09-15T11:41:37Z" finished-at="2020-09-15T11:41:38Z">
          <reporter-output>
            <line>
              <![CDATA[Settingup Excel, Properties & Reporter...]]>
            </line>
            <line>
              <![CDATA[Settingup Excel, Properties & Reporter - Completed]]>
            </line>
          </reporter-output>
        </test-method> <!-- setUpSuite -->
        <test-method status="PASS" signature="before()[pri:0, instance:com.ag.testcases.homePageLogin@5d740a0f]" name="before" is-config="true" duration-ms="11279" started-at="2020-09-15T11:41:38Z" finished-at="2020-09-15T11:41:50Z">
          <reporter-output>
            <line>
              <![CDATA[Brining up desired browser with desired launch url...]]>
            </line>
            <line>
              <![CDATA[Desired Browser ready with desired URL- completed]]>
            </line>
          </reporter-output>
        </test-method> <!-- before -->
        <test-method status="PASS" signature="loginApp()[pri:1, instance:com.ag.testcases.homePageLogin@5d740a0f]" name="loginApp" duration-ms="5978" started-at="2020-09-15T11:41:50Z" finished-at="2020-09-15T11:41:56Z">
          <reporter-output>
          </reporter-output>
        </test-method> <!-- loginApp -->
        <test-method status="PASS" signature="tearDownMethod(org.testng.ITestResult)[pri:0, instance:com.ag.testcases.homePageLogin@5d740a0f]" name="tearDownMethod" is-config="true" duration-ms="1374" started-at="2020-09-15T11:41:56Z" finished-at="2020-09-15T11:41:57Z">
          <params>
            <param index="0">
              <value>
                <![CDATA[[TestResult name=loginApp status=SUCCESS method=homePageLogin.loginApp()[pri:1, instance:com.ag.testcases.homePageLogin@5d740a0f] output={null}]]]>
              </value>
            </param>
          </params>
          <reporter-output>
            <line>
              <![CDATA[Test is about to end....]]>
            </line>
            <line>
              <![CDATA[Test completed >>>> Reports generated....]]>
            </line>
          </reporter-output>
        </test-method> <!-- tearDownMethod -->
        <test-method status="PASS" signature="validateMyFavsCount()[pri:2, instance:com.ag.testcases.homePageLogin@5d740a0f]" name="validateMyFavsCount" duration-ms="5064" started-at="2020-09-15T11:41:57Z" finished-at="2020-09-15T11:42:02Z">
          <reporter-output>
          </reporter-output>
        </test-method> <!-- validateMyFavsCount -->
        <test-method status="PASS" signature="tearDownMethod(org.testng.ITestResult)[pri:0, instance:com.ag.testcases.homePageLogin@5d740a0f]" name="tearDownMethod" is-config="true" duration-ms="1430" started-at="2020-09-15T11:42:02Z" finished-at="2020-09-15T11:42:03Z">
          <params>
            <param index="0">
              <value>
                <![CDATA[[TestResult name=validateMyFavsCount status=SUCCESS method=homePageLogin.validateMyFavsCount()[pri:2, instance:com.ag.testcases.homePageLogin@5d740a0f] output={null}]]]>
              </value>
            </param>
          </params>
          <reporter-output>
            <line>
              <![CDATA[Test is about to end....]]>
            </line>
            <line>
              <![CDATA[Test completed >>>> Reports generated....]]>
            </line>
          </reporter-output>
        </test-method> <!-- tearDownMethod -->
        <test-method status="PASS" signature="after()[pri:0, instance:com.ag.testcases.homePageLogin@5d740a0f]" name="after" is-config="true" duration-ms="155" started-at="2020-09-15T11:42:03Z" finished-at="2020-09-15T11:42:04Z">
          <reporter-output>
            <line>
              <![CDATA[Quitting the browser...]]>
            </line>
            <line>
              <![CDATA[Broser quitted - completed]]>
            </line>
          </reporter-output>
        </test-method> <!-- after -->
      </class> <!-- com.ag.testcases.homePageLogin -->
    </test> <!-- Test -->
  </suite> <!-- Suite -->
</testng-results>
